[2024-06-29 11:17:28,867] emailAddress: thanh129@gmail.vn
[2024-06-29 11:17:28,868] Pre-Condition - Step 01: Click to Register link
[2024-06-29 11:17:29,941] Pre-Condition - Step 02: Input to required fields
[2024-06-29 11:17:30,434] Pre-Condition - Step 03: Click to Register button
[2024-06-29 11:17:31,080] Pre-Condition - Step 04: Verify message success displayed
[2024-06-29 11:17:31,218]  -------------------------- PASSED -------------------------- 
[2024-06-29 11:17:31,218] Pre-Condition - Step 05: Click to Logout link
[2024-06-29 11:17:31,894] Pre-Condition - Step 06: Click to Login link
[2024-06-29 11:17:32,346] Pre-Condition - Step 07: Input to required fields
[2024-06-29 11:17:32,571] Pre-Condition - Step 08: Click to Login button
[2024-06-29 11:17:33,249] Pre-Condition - Step 09: Verify My Account Displayed
[2024-06-29 11:17:33,374]  -------------------------- PASSED -------------------------- 
[2024-06-29 11:17:33,374] Pre-Condition - Step 10: Click to My Account link
[2024-06-29 11:17:33,693] Pre-Condition - Step 11: Verify My Account displayed
[2024-06-29 11:17:33,796]  -------------------------- PASSED -------------------------- 
[2024-06-29 11:17:33,809] My Account 01 - Step 01: Click to Customer Info link
[2024-06-29 11:17:34,151] My Account 01 - Step 02: Input to required fields
[2024-06-29 11:17:35,551] My Account 01 - Step 03: Click to Save button
[2024-06-29 11:17:36,189] My Account 01 - Step 04: Verify data update
[2024-06-29 11:17:36,301]  -------------------------- PASSED -------------------------- 
[2024-06-29 11:17:36,331]  -------------------------- PASSED -------------------------- 
[2024-06-29 11:17:36,361]  -------------------------- PASSED -------------------------- 
[2024-06-29 11:17:36,475]  -------------------------- PASSED -------------------------- 
[2024-06-29 11:17:36,527]  -------------------------- PASSED -------------------------- 
[2024-06-29 11:17:36,894]  -------------------------- PASSED -------------------------- 
[2024-06-29 11:17:36,931]  -------------------------- PASSED -------------------------- 
[2024-06-29 11:17:36,954]  -------------------------- PASSED -------------------------- 
[2024-06-29 11:17:36,960] My Account 02 - Step 01: Click to Addresses link
[2024-06-29 11:35:59,573] emailAddress: thanh5528@gmail.vn
[2024-06-29 11:35:59,574] Pre-Condition - Step 01: Click to Register link
[2024-06-29 11:36:00,675] Pre-Condition - Step 02: Input to required fields
[2024-06-29 11:36:01,205] Pre-Condition - Step 03: Click to Register button
[2024-06-29 11:36:01,941] Pre-Condition - Step 04: Verify message success displayed
[2024-06-29 11:36:02,077]  -------------------------- PASSED -------------------------- 
[2024-06-29 11:36:02,077] Pre-Condition - Step 05: Click to Logout link
[2024-06-29 11:36:02,769] Pre-Condition - Step 06: Click to Login link
[2024-06-29 11:36:03,227] Pre-Condition - Step 07: Input to required fields
[2024-06-29 11:36:03,465] Pre-Condition - Step 08: Click to Login button
[2024-06-29 11:36:04,103] Pre-Condition - Step 09: Verify My Account Displayed
[2024-06-29 11:36:04,241]  -------------------------- PASSED -------------------------- 
[2024-06-29 11:36:04,242] Pre-Condition - Step 10: Click to My Account link
[2024-06-29 11:36:04,641] Pre-Condition - Step 11: Verify My Account displayed
[2024-06-29 11:36:04,756]  -------------------------- PASSED -------------------------- 
[2024-06-29 11:36:04,769] My Account 01 - Step 01: Click to Customer Info link
[2024-06-29 11:36:05,203] My Account 01 - Step 02: Input to required fields
[2024-06-29 11:36:06,603] My Account 01 - Step 03: Click to Save button
[2024-06-29 11:36:07,208] My Account 01 - Step 04: Verify data update
[2024-06-29 11:36:07,324]  -------------------------- PASSED -------------------------- 
[2024-06-29 11:36:07,351]  -------------------------- PASSED -------------------------- 
[2024-06-29 11:36:07,392]  -------------------------- PASSED -------------------------- 
[2024-06-29 11:36:07,627]  -------------------------- PASSED -------------------------- 
[2024-06-29 11:36:07,677]  -------------------------- PASSED -------------------------- 
[2024-06-29 11:36:07,901]  -------------------------- PASSED -------------------------- 
[2024-06-29 11:36:07,927]  -------------------------- PASSED -------------------------- 
[2024-06-29 11:36:07,949]  -------------------------- PASSED -------------------------- 
[2024-06-29 11:36:07,955] My Account 02 - Step 01: Click to Addresses link
